<?xml version="1.0" encoding="UTF-8"?>
<testng-results ignored="0" total="1" passed="1" failed="0" skipped="0">
  <reporter-output>
  </reporter-output>
  <suite started-at="2022-11-03T12:52:58 IST" name="Default suite" finished-at="2022-11-03T12:53:11 IST" duration-ms="13091">
    <groups>
    </groups>
    <test started-at="2022-11-03T12:52:58 IST" name="Default test" finished-at="2022-11-03T12:53:11 IST" duration-ms="13091">
      <class name="pranam.CapturingFirstRowofFirstCellData">
        <test-method is-config="true" signature="applicationLaunch()[pri:0, instance:pranam.CapturingFirstRowofFirstCellData@49c7b90e]" started-at="2022-11-03T12:52:58 IST" name="applicationLaunch" finished-at="2022-11-03T12:53:09 IST" duration-ms="11205" status="PASS">
          <reporter-output>
          </reporter-output>
        </test-method> <!-- applicationLaunch -->
        <test-method signature="CapturingFirstRowofFirstCellData()[pri:0, instance:pranam.CapturingFirstRowofFirstCellData@49c7b90e]" started-at="2022-11-03T12:53:09 IST" name="CapturingFirstRowofFirstCellData" finished-at="2022-11-03T12:53:11 IST" duration-ms="1565" status="PASS">
          <reporter-output>
          </reporter-output>
        </test-method> <!-- CapturingFirstRowofFirstCellData -->
        <test-method is-config="true" signature="applicationclose()[pri:0, instance:pranam.CapturingFirstRowofFirstCellData@49c7b90e]" started-at="2022-11-03T12:53:11 IST" name="applicationclose" finished-at="2022-11-03T12:53:11 IST" duration-ms="267" status="PASS">
          <reporter-output>
          </reporter-output>
        </test-method> <!-- applicationclose -->
      </class> <!-- pranam.CapturingFirstRowofFirstCellData -->
    </test> <!-- Default test -->
  </suite> <!-- Default suite -->
</testng-results>
